[09-Jun-2025 12:31:18 Europe/Berlin] PHP Warning:  Undefined array key "FOTO" in C:\xampp\htdocs\Kickoff\admin\stadion\daftar_stadion.php on line 454
[09-Jun-2025 12:31:18 Europe/Berlin] PHP Warning:  Undefined array key "FOTO" in C:\xampp\htdocs\Kickoff\admin\stadion\daftar_stadion.php on line 454
[09-Jun-2025 12:31:18 Europe/Berlin] PHP Warning:  Undefined array key "FOTO" in C:\xampp\htdocs\Kickoff\admin\stadion\daftar_stadion.php on line 454
[09-Jun-2025 12:31:18 Europe/Berlin] PHP Warning:  Undefined array key "FOTO" in C:\xampp\htdocs\Kickoff\admin\stadion\daftar_stadion.php on line 454
[09-Jun-2025 12:31:18 Europe/Berlin] PHP Warning:  Undefined array key "FOTO" in C:\xampp\htdocs\Kickoff\admin\stadion\daftar_stadion.php on line 454
[09-Jun-2025 12:31:18 Europe/Berlin] PHP Warning:  Undefined array key "FOTO" in C:\xampp\htdocs\Kickoff\admin\stadion\daftar_stadion.php on line 454
[09-Jun-2025 12:31:18 Europe/Berlin] PHP Warning:  Undefined array key "FOTO" in C:\xampp\htdocs\Kickoff\admin\stadion\daftar_stadion.php on line 454
[09-Jun-2025 12:31:18 Europe/Berlin] PHP Warning:  Undefined array key "FOTO" in C:\xampp\htdocs\Kickoff\admin\stadion\daftar_stadion.php on line 454
[09-Jun-2025 12:31:18 Europe/Berlin] PHP Warning:  Undefined array key "FOTO" in C:\xampp\htdocs\Kickoff\admin\stadion\daftar_stadion.php on line 454
[09-Jun-2025 12:31:18 Europe/Berlin] PHP Warning:  Undefined array key "FOTO" in C:\xampp\htdocs\Kickoff\admin\stadion\daftar_stadion.php on line 454
[09-Jun-2025 12:31:18 Europe/Berlin] PHP Warning:  Undefined array key "FOTO" in C:\xampp\htdocs\Kickoff\admin\stadion\daftar_stadion.php on line 454
[09-Jun-2025 12:31:18 Europe/Berlin] PHP Warning:  Undefined array key "FOTO" in C:\xampp\htdocs\Kickoff\admin\stadion\daftar_stadion.php on line 454
[09-Jun-2025 12:31:18 Europe/Berlin] PHP Warning:  Undefined array key "FOTO" in C:\xampp\htdocs\Kickoff\admin\stadion\daftar_stadion.php on line 454
[09-Jun-2025 12:31:18 Europe/Berlin] PHP Warning:  Undefined array key "FOTO" in C:\xampp\htdocs\Kickoff\admin\stadion\daftar_stadion.php on line 454
[09-Jun-2025 12:31:18 Europe/Berlin] PHP Warning:  Undefined array key "FOTO" in C:\xampp\htdocs\Kickoff\admin\stadion\daftar_stadion.php on line 454
[09-Jun-2025 12:31:18 Europe/Berlin] PHP Warning:  Undefined array key "FOTO" in C:\xampp\htdocs\Kickoff\admin\stadion\daftar_stadion.php on line 454
[09-Jun-2025 12:31:18 Europe/Berlin] PHP Warning:  Undefined array key "FOTO" in C:\xampp\htdocs\Kickoff\admin\stadion\daftar_stadion.php on line 454
[09-Jun-2025 12:31:18 Europe/Berlin] PHP Warning:  Undefined array key "FOTO" in C:\xampp\htdocs\Kickoff\admin\stadion\daftar_stadion.php on line 454
[09-Jun-2025 12:31:18 Europe/Berlin] PHP Warning:  Undefined array key "FOTO" in C:\xampp\htdocs\Kickoff\admin\stadion\daftar_stadion.php on line 454
[09-Jun-2025 12:31:18 Europe/Berlin] PHP Warning:  Undefined array key "FOTO" in C:\xampp\htdocs\Kickoff\admin\stadion\daftar_stadion.php on line 454
[09-Jun-2025 12:31:18 Europe/Berlin] PHP Warning:  Undefined array key "FOTO" in C:\xampp\htdocs\Kickoff\admin\stadion\daftar_stadion.php on line 454
[09-Jun-2025 12:31:18 Europe/Berlin] PHP Warning:  Undefined array key "FOTO" in C:\xampp\htdocs\Kickoff\admin\stadion\daftar_stadion.php on line 454
[09-Jun-2025 12:31:18 Europe/Berlin] PHP Warning:  Undefined array key "FOTO" in C:\xampp\htdocs\Kickoff\admin\stadion\daftar_stadion.php on line 454
[09-Jun-2025 12:31:18 Europe/Berlin] PHP Warning:  Undefined array key "FOTO" in C:\xampp\htdocs\Kickoff\admin\stadion\daftar_stadion.php on line 454
[09-Jun-2025 12:31:18 Europe/Berlin] PHP Warning:  Undefined array key "FOTO" in C:\xampp\htdocs\Kickoff\admin\stadion\daftar_stadion.php on line 454
[09-Jun-2025 12:31:18 Europe/Berlin] PHP Warning:  Undefined array key "FOTO" in C:\xampp\htdocs\Kickoff\admin\stadion\daftar_stadion.php on line 454
[09-Jun-2025 12:31:18 Europe/Berlin] PHP Warning:  Undefined array key "FOTO" in C:\xampp\htdocs\Kickoff\admin\stadion\daftar_stadion.php on line 454
[09-Jun-2025 12:31:18 Europe/Berlin] PHP Warning:  Undefined array key "FOTO" in C:\xampp\htdocs\Kickoff\admin\stadion\daftar_stadion.php on line 454
[09-Jun-2025 12:31:18 Europe/Berlin] PHP Warning:  Undefined array key "FOTO" in C:\xampp\htdocs\Kickoff\admin\stadion\daftar_stadion.php on line 454
[09-Jun-2025 12:31:18 Europe/Berlin] PHP Warning:  Undefined array key "FOTO" in C:\xampp\htdocs\Kickoff\admin\stadion\daftar_stadion.php on line 454
[09-Jun-2025 12:31:18 Europe/Berlin] PHP Warning:  Undefined array key "FOTO" in C:\xampp\htdocs\Kickoff\admin\stadion\daftar_stadion.php on line 454
[09-Jun-2025 12:31:18 Europe/Berlin] PHP Warning:  Undefined array key "FOTO" in C:\xampp\htdocs\Kickoff\admin\stadion\daftar_stadion.php on line 454
[09-Jun-2025 12:31:18 Europe/Berlin] PHP Warning:  Undefined array key "FOTO" in C:\xampp\htdocs\Kickoff\admin\stadion\daftar_stadion.php on line 454
[09-Jun-2025 12:31:18 Europe/Berlin] PHP Warning:  Undefined array key "FOTO" in C:\xampp\htdocs\Kickoff\admin\stadion\daftar_stadion.php on line 454
[09-Jun-2025 12:31:18 Europe/Berlin] PHP Warning:  Undefined array key "FOTO" in C:\xampp\htdocs\Kickoff\admin\stadion\daftar_stadion.php on line 454
[09-Jun-2025 12:31:19 Europe/Berlin] PHP Warning:  Undefined array key "FOTO" in C:\xampp\htdocs\Kickoff\admin\stadion\daftar_stadion.php on line 454
[09-Jun-2025 12:31:19 Europe/Berlin] PHP Warning:  Undefined array key "FOTO" in C:\xampp\htdocs\Kickoff\admin\stadion\daftar_stadion.php on line 454
[09-Jun-2025 12:31:19 Europe/Berlin] PHP Warning:  Undefined array key "FOTO" in C:\xampp\htdocs\Kickoff\admin\stadion\daftar_stadion.php on line 454
[09-Jun-2025 12:31:19 Europe/Berlin] PHP Warning:  Undefined array key "FOTO" in C:\xampp\htdocs\Kickoff\admin\stadion\daftar_stadion.php on line 454
[09-Jun-2025 12:31:19 Europe/Berlin] PHP Warning:  Undefined array key "FOTO" in C:\xampp\htdocs\Kickoff\admin\stadion\daftar_stadion.php on line 454
[09-Jun-2025 12:31:19 Europe/Berlin] PHP Warning:  Undefined array key "FOTO" in C:\xampp\htdocs\Kickoff\admin\stadion\daftar_stadion.php on line 454
[09-Jun-2025 12:31:19 Europe/Berlin] PHP Warning:  Undefined array key "FOTO" in C:\xampp\htdocs\Kickoff\admin\stadion\daftar_stadion.php on line 454
[09-Jun-2025 12:31:19 Europe/Berlin] PHP Warning:  Undefined array key "FOTO" in C:\xampp\htdocs\Kickoff\admin\stadion\daftar_stadion.php on line 454
[09-Jun-2025 12:31:19 Europe/Berlin] PHP Warning:  Undefined array key "FOTO" in C:\xampp\htdocs\Kickoff\admin\stadion\daftar_stadion.php on line 454
[09-Jun-2025 12:31:19 Europe/Berlin] PHP Warning:  Undefined array key "FOTO" in C:\xampp\htdocs\Kickoff\admin\stadion\daftar_stadion.php on line 454
[09-Jun-2025 12:31:19 Europe/Berlin] PHP Warning:  Undefined array key "FOTO" in C:\xampp\htdocs\Kickoff\admin\stadion\daftar_stadion.php on line 454
[09-Jun-2025 12:31:19 Europe/Berlin] PHP Warning:  Undefined array key "FOTO" in C:\xampp\htdocs\Kickoff\admin\stadion\daftar_stadion.php on line 454
[09-Jun-2025 12:31:19 Europe/Berlin] PHP Warning:  Undefined array key "FOTO" in C:\xampp\htdocs\Kickoff\admin\stadion\daftar_stadion.php on line 454
[09-Jun-2025 12:31:19 Europe/Berlin] PHP Warning:  Undefined array key "FOTO" in C:\xampp\htdocs\Kickoff\admin\stadion\daftar_stadion.php on line 454
[09-Jun-2025 12:31:19 Europe/Berlin] PHP Warning:  Undefined array key "FOTO" in C:\xampp\htdocs\Kickoff\admin\stadion\daftar_stadion.php on line 454
[09-Jun-2025 12:36:09 Europe/Berlin] PHP Fatal error:  Uncaught mysqli_sql_exception: You have an error in your SQL syntax; check the manual that corresponds to your MariaDB server version for the right syntax to use near 'WHERE ID_STADION = 'ST001'' at line 5 in C:\xampp\htdocs\Kickoff\admin\stadion\edit_stadion.php:65
Stack trace:
#0 C:\xampp\htdocs\Kickoff\admin\stadion\edit_stadion.php(65): mysqli_query(Object(mysqli), 'UPDATE stadion ...')
#1 {main}
  thrown in C:\xampp\htdocs\Kickoff\admin\stadion\edit_stadion.php on line 65
